2022-08-19 21:40:25 INFO  SignUpTest:17 - *** Starting test cases execution  ****
  2022-08-19 21:46:01 INFO  SignUpTest:17 - *** Starting test cases execution  ****
  2022-08-19 22:18:13 INFO  SignUpTest:17 - *** Starting test cases execution  ****
  2022-08-19 22:23:56 INFO  SignUpTest:17 - *** Starting test cases execution  ****
  2022-08-19 22:24:08 INFO  SignUpTest:17 - *** Starting test cases execution  ****
  2022-08-19 22:25:46 INFO  SignUpTest:17 - *** Starting test cases execution  ****
  2022-08-19 22:26:28 INFO  LoginTest:17 - *** Starting test cases execution  ****
  2022-08-19 22:26:54 INFO  SignUpTest:17 - *** Starting test cases execution  ****
  2022-08-19 22:31:31 INFO  SignUpTest:17 - *** Starting test cases execution  ****
  2022-08-19 22:37:13 INFO  SignUpTest:17 - *** Starting test cases execution  ****
  2022-08-19 22:39:26 INFO  SignUpTest:17 - *** Starting test cases execution  ****
  2022-08-19 22:41:56 INFO  SignUpTest:17 - *** Starting test cases execution  ****
  2022-08-19 22:44:43 INFO  SignUpTest:17 - *** Starting test cases execution  ****
  2022-08-19 22:45:29 INFO  SignUpTest:17 - *** Starting test cases execution  ****
  2022-08-19 22:51:39 INFO  SignUpTest:17 - *** Starting test cases execution  ****
  2022-08-19 23:00:34 INFO  SignUpTest:17 - *** Starting test cases execution  ****
  2022-08-19 23:15:02 INFO  LoginTest:17 - *** Starting test cases execution  ****
  2022-08-19 23:15:56 INFO  SignUpTest:17 - *** Starting test cases execution  ****
  2022-08-20 07:35:20 INFO  LoginTest:17 - *** Starting test cases execution  ****
  2022-08-20 07:37:08 INFO  SignUpTest:17 - *** Starting test cases execution  ****
  2022-08-20 07:40:45 INFO  SignUpTest:17 - *** Starting test cases execution  ****
  2022-08-20 07:46:53 INFO  SignUpTest:17 - /// Starting test cases execution ///
  2022-08-20 07:48:16 INFO  LoginTest:17 - /// Starting test cases execution ///
  2022-08-20 07:48:43 INFO  SignUpTest:17 - /// Starting test cases execution ///
  2022-08-20 07:50:31 INFO  LoginTest:17 - /// Starting test cases execution ///
  2022-08-20 07:51:57 INFO  SignUpTest:17 - /// Starting test cases execution ///
  2022-08-20 08:48:15 INFO  SignUpTest:17 - /// Starting test cases execution ///
  2022-08-20 09:09:43 INFO  LoginTest:17 - /// Starting test cases execution ///
  2022-08-20 09:10:59 INFO  SignUpTest:17 - /// Starting test cases execution ///
  2022-08-20 09:43:38 INFO  LoginTest:17 - /// Starting test cases execution ///
  2022-08-20 09:44:45 INFO  SignUpTest:17 - /// Starting test cases execution ///
  2022-08-20 10:30:28 INFO  SignUpTest:17 - /// Starting test cases execution ///
  2022-08-22 08:35:13 INFO  LoginTest:17 - /// Starting test cases execution ///
  2022-08-22 08:37:37 INFO  SignUpTest:17 - /// Starting test cases execution ///
  2022-08-22 08:53:12 INFO  SignUpTest:17 - /// Starting test cases execution ///
  2022-08-22 08:55:15 INFO  SignUpTest:17 - /// Starting test cases execution ///
  2022-08-22 09:06:03 INFO  SignUpTest:17 - /// Starting test cases execution ///
  2022-08-22 09:12:46 INFO  SignUpTest:17 - /// Starting test cases execution ///
  2022-08-22 09:17:45 INFO  SignUpTest:17 - /// Starting test cases execution ///
  2022-08-22 09:19:41 INFO  SignUpTest:17 - /// Starting test cases execution ///
  2022-08-22 09:20:45 INFO  SignUpTest:17 - /// Starting test cases execution ///
  2022-08-22 09:21:52 INFO  SignUpTest:17 - /// Starting test cases execution ///
  2022-08-23 07:43:16 INFO  LoginTest:17 - /// Starting test cases execution ///
  2022-08-23 07:46:24 INFO  SignUpTest:17 - /// Starting test cases execution ///
  2022-08-23 07:47:26 INFO  SignUpTest:17 - /// Starting test cases execution ///
  2022-08-23 07:47:56 INFO  SignUpTest:17 - /// Starting test cases execution ///
  2022-08-23 07:48:25 INFO  SignUpTest:17 - /// Starting test cases execution ///
  2022-08-23 07:53:04 INFO  LoginTest:17 - /// Starting test cases execution ///
  2022-08-23 07:54:26 INFO  SignUpTest:17 - /// Starting test cases execution ///
  2022-08-23 08:49:51 INFO  SignUpTest:17 - /// Starting test cases execution ///
  2022-08-23 08:52:30 INFO  SignUpTest:17 - /// Starting test cases execution ///
  2022-08-23 08:53:12 INFO  SignUpTest:17 - /// Starting test cases execution ///
  2022-08-23 08:55:03 INFO  SignUpTest:17 - /// Starting test cases execution ///
  2022-08-23 19:37:16 INFO  SignUpTest:17 - /// Starting test cases execution ///
  2022-08-23 19:40:11 INFO  SignUpTest:17 - /// Starting test cases execution ///
  2022-08-23 19:41:14 INFO  SignUpTest:17 - /// Starting test cases execution ///
  2022-08-23 19:42:13 INFO  SignUpTest:17 - /// Starting test cases execution ///
  2022-08-23 19:43:56 INFO  SignUpTest:17 - /// Starting test cases execution ///
  2022-08-23 19:50:48 INFO  LoginTest:17 - /// Starting test cases execution ///
  2022-08-23 19:52:09 INFO  SignUpTest:17 - /// Starting test cases execution ///
  